<?xml version="1.0" encoding="UTF-8"?>
<!-- Generated by org.testng.reporters.JUnitXMLReporter -->
<testsuite hostname="DESKTOP-GI6UN8V" ignored="0" name="TEST Test" tests="21" failures="2" timestamp="2023-05-10T20:45:04 IST" time="43.888" errors="0">
  <testcase name="googletitletest" time="0.004" classname="TestNGBasics.testngbasic"/>
  <testcase name="SearchPageTest" time="0.001" classname="TestNGBasics.TestNGFeatures"/>
  <testcase name="loginTest" time="0.003" classname="TestNGBasics.TestNGFeatures">
    <failure type="java.lang.AssertionError" message="expected [true] but found [false]">
      <![CDATA[java.lang.AssertionError: expected [true] but found [false]
at TestNGBasics.TestNGFeatures.loginTest(TestNGFeatures.java:14)
at java.util.ArrayList.forEach(ArrayList.java:1257)
... Removed 31 stack frames]]>
    </failure>
  </testcase> <!-- loginTest -->
  <testcase name="HomePageTest" time="0.0" classname="TestNGBasics.TestNGFeatures">
    <skipped/>
  </testcase> <!-- HomePageTest -->
  <testcase name="Retest" time="0.002" classname="TestNGBasics.GoogleTest"/>
  <testcase name="Logotest" time="0.076" classname="TestNGBasics.GoogleTest"/>
  <testcase name="links" time="0.068" classname="TestNGBasics.GoogleTest"/>
  <testcase name="getTitle" time="0.014" classname="TestNGBasics.GoogleTest"/>
  <testcase name="test2" time="0.002" classname="TestNGBasics.GoogleTest"/>
  <testcase name="test1" time="0.002" classname="TestNGBasics.GoogleTest"/>
  <testcase name="sum" time="0.002" classname="TestNGBasics.InvocationCountTest"/>
  <testcase name="sum" time="0.002" classname="TestNGBasics.InvocationCountTest"/>
  <testcase name="sum" time="0.005" classname="TestNGBasics.InvocationCountTest"/>
  <testcase name="sum" time="0.002" classname="TestNGBasics.InvocationCountTest"/>
  <testcase name="sum" time="0.001" classname="TestNGBasics.InvocationCountTest"/>
  <testcase name="sum" time="0.002" classname="TestNGBasics.InvocationCountTest"/>
  <testcase name="sum" time="0.004" classname="TestNGBasics.InvocationCountTest"/>
  <testcase name="sum" time="0.002" classname="TestNGBasics.InvocationCountTest"/>
  <testcase name="sum" time="0.002" classname="TestNGBasics.InvocationCountTest"/>
  <testcase name="sum" time="0.002" classname="TestNGBasics.InvocationCountTest"/>
  <testcase name="infiniteloopTest" time="2.011" classname="TestNGBasics.ExceptionTimeOutTest">
    <failure type="org.testng.internal.thread.ThreadTimeoutException" message="Method TestNGBasics.ExceptionTimeOutTest.infiniteloopTest() didn&amp;apos;t finish within the time-out 2000">
      <![CDATA[org.testng.internal.thread.ThreadTimeoutException: Method TestNGBasics.ExceptionTimeOutTest.infiniteloopTest() didn't finish within the time-out 2000
at java.util.ArrayList.forEach(ArrayList.java:1257)
... Removed 24 stack frames]]>
    </failure>
  </testcase> <!-- infiniteloopTest -->
</testsuite> <!-- TEST Test -->
