<?xml version="1.0" encoding="UTF-8"?>
<!-- Generated by org.testng.reporters.JUnitXMLReporter -->
<testsuite hostname="DESKTOP-GI6UN8V" ignored="0" name="Functional Testing" tests="1" failures="1" timestamp="2023-05-09T16:30:22 IST" time="3.88" errors="0">
  <testcase name="launchapp" time="3.505" classname="ui.ListenerTestCase">
    <failure type="java.lang.AssertionError" message="expected [true] but found [false]">
      <![CDATA[java.lang.AssertionError: expected [true] but found [false]
at ui.ListenerTestCase.launchapp(ListenerTestCase.java:14)
at java.util.ArrayList.forEach(ArrayList.java:1257)
... Removed 31 stack frames]]>
    </failure>
  </testcase> <!-- launchapp -->
</testsuite> <!-- Functional Testing -->
